0    [main] INFO  facturatie.client.Client  - Starting application ---------------------------------
33   [main] DEBUG facturatie.client.Client  - Locating registry on localhost
80   [main] INFO  facturatie.client.Client  - Contents of registry: [Facturatiesysteem]
104  [main] ERROR facturatie.client.Client  - Error: Fysiosysteem
0    [main] INFO  facturatie.client.Client  - Starting application ---------------------------------
47   [main] DEBUG facturatie.client.Client  - Locating registry on localhost
294  [main] INFO  facturatie.client.Client  - Contents of registry: [Facturatiesysteem]
315  [main] ERROR facturatie.client.Client  - Error: Fysiosysteem
0    [main] INFO  facturatie.client.Client  - Starting application ---------------------------------
0    [main] INFO  facturatie.client.Client  - Starting application ---------------------------------
0    [main] INFO  facturatie.client.Client  - Starting application ---------------------------------
77   [main] DEBUG facturatie.client.Client  - Locating registry on 145.102.76.204
0    [main] INFO  facturatie.client.Client  - Starting application ---------------------------------
70   [main] DEBUG facturatie.client.Client  - Locating registry on 145.102.76.204
21389 [main] ERROR facturatie.client.Client  - Error: Connection refused to host: 145.102.76.204; nested exception is: 
	java.net.ConnectException: Connection timed out: connect
0    [main] INFO  facturatie.client.Client  - Starting application ---------------------------------
276  [main] DEBUG facturatie.client.Client  - Locating registry on 145.102.76.204
21570 [main] ERROR facturatie.client.Client  - Error: Connection refused to host: 145.102.76.204; nested exception is: 
	java.net.ConnectException: Connection timed out: connect
0    [main] INFO  facturatie.client.Client  - Starting application ---------------------------------
66   [main] DEBUG facturatie.client.Client  - Locating registry on 145.102.76.204
21321 [main] ERROR facturatie.client.Client  - Error: Connection refused to host: 145.102.76.204; nested exception is: 
	java.net.ConnectException: Connection timed out: connect
1    [main] INFO  facturatie.client.Client  - Starting application ---------------------------------
0    [main] INFO  facturatie.client.Client  - Starting application ---------------------------------
0    [main] INFO  facturatie.client.Client  - Starting application ---------------------------------
0    [main] INFO  facturatie.client.Client  - Starting application ---------------------------------
73   [main] DEBUG facturatie.client.Client  - Locating registry on 145.48.112.85
384  [main] INFO  facturatie.client.Client  - Contents of registry: [Facturatiesysteem]
493  [main] ERROR facturatie.client.Client  - Error: Fysiosysteem
0    [main] INFO  facturatie.client.Client  - Starting application ---------------------------------
83   [main] DEBUG facturatie.client.Client  - Locating registry on 145.48.112.85
394  [main] INFO  facturatie.client.Client  - Contents of registry: [Facturatiesysteem]
425  [main] ERROR facturatie.client.Client  - Error: Fysiosysteem
1    [main] INFO  facturatie.client.Client  - Starting application ---------------------------------
59   [main] DEBUG facturatie.client.Client  - Locating registry on 145.48.112.85
452  [main] INFO  facturatie.client.Client  - Contents of registry: [Facturatiesysteem]
508  [main] ERROR facturatie.client.Client  - Error: Fysiosysteem
0    [main] INFO  facturatie.client.Client  - Starting application ---------------------------------
65   [main] DEBUG facturatie.client.Client  - Locating registry on 145.48.112.85
446  [main] INFO  facturatie.client.Client  - Contents of registry: [Facturatiesysteem]
509  [main] ERROR facturatie.client.Client  - Error: Fysiosysteem
0    [main] INFO  facturatie.client.Client  - Starting application ---------------------------------
231  [main] DEBUG facturatie.client.Client  - Locating registry on 145.48.112.85
629  [main] INFO  facturatie.client.Client  - Contents of registry: [Facturatiesysteem]
659  [main] ERROR facturatie.client.Client  - Error: Fysiosysteem
0    [main] INFO  facturatie.client.Client  - Starting application ---------------------------------
71   [main] DEBUG facturatie.client.Client  - Locating registry on 145.48.112.85
402  [main] INFO  facturatie.client.Client  - Contents of registry: [Fysiosysteem]
551  [main] INFO  facturatie.client.Client  - Found 'Fysiosysteem' in registry
627  [main] ERROR facturatie.client.Client  - Error: RemoteException occurred in server thread; nested exception is: 
	java.rmi.UnmarshalException: unrecognized method hash: method not supported by remote object
0    [main] INFO  facturatie.client.Client  - Starting application ---------------------------------
389  [main] DEBUG facturatie.client.Client  - Locating registry on 145.48.112.85
700  [main] INFO  facturatie.client.Client  - Contents of registry: [Fysiosysteem]
781  [main] INFO  facturatie.client.Client  - Found 'Fysiosysteem' in registry
815  [main] ERROR facturatie.client.Client  - Error: RemoteException occurred in server thread; nested exception is: 
	java.rmi.UnmarshalException: unrecognized method hash: method not supported by remote object
0    [main] INFO  facturatie.client.Client  - Starting application ---------------------------------
244  [main] DEBUG facturatie.client.Client  - Locating registry on 145.48.112.85
574  [main] INFO  facturatie.client.Client  - Contents of registry: [Fysiosysteem]
655  [main] INFO  facturatie.client.Client  - Found 'Fysiosysteem' in registry
707  [main] ERROR facturatie.client.Client  - Error: RemoteException occurred in server thread; nested exception is: 
	java.rmi.UnmarshalException: unrecognized method hash: method not supported by remote object
1    [main] INFO  facturatie.client.Client  - Starting application ---------------------------------
68   [main] DEBUG facturatie.client.Client  - Locating registry on 145.48.112.85
386  [main] INFO  facturatie.client.Client  - Contents of registry: [Fysiosysteem]
481  [main] INFO  facturatie.client.Client  - Found 'Fysiosysteem' in registry
536  [main] ERROR facturatie.client.Client  - Error: RemoteException occurred in server thread; nested exception is: 
	java.rmi.UnmarshalException: unrecognized method hash: method not supported by remote object
0    [main] INFO  facturatie.client.Client  - Starting application ---------------------------------
70   [main] DEBUG facturatie.client.Client  - Locating registry on 145.48.112.85
384  [main] INFO  facturatie.client.Client  - Contents of registry: [Fysiosysteem]
455  [main] INFO  facturatie.client.Client  - Found 'Fysiosysteem' in registry
485  [main] ERROR facturatie.client.Client  - Error: RemoteException occurred in server thread; nested exception is: 
	java.rmi.UnmarshalException: unrecognized method hash: method not supported by remote object
0    [main] INFO  facturatie.client.Client  - Starting application ---------------------------------
71   [main] DEBUG facturatie.client.Client  - Locating registry on 145.48.112.85
395  [main] INFO  facturatie.client.Client  - Contents of registry: [Fysiosysteem]
483  [main] INFO  facturatie.client.Client  - Found 'Fysiosysteem' in registry
530  [main] ERROR facturatie.client.Client  - Error: RemoteException occurred in server thread; nested exception is: 
	java.rmi.UnmarshalException: unrecognized method hash: method not supported by remote object
0    [main] INFO  facturatie.client.Client  - Starting application ---------------------------------
0    [main] INFO  facturatie.client.Client  - Starting application ---------------------------------
76   [main] DEBUG facturatie.client.Client  - Locating registry on 145.48.112.85
398  [main] INFO  facturatie.client.Client  - Contents of registry: [Fysiosysteem]
494  [main] INFO  facturatie.client.Client  - Found 'Fysiosysteem' in registry
556  [main] ERROR facturatie.client.Client  - Error: RemoteException occurred in server thread; nested exception is: 
	java.rmi.UnmarshalException: unrecognized method hash: method not supported by remote object
0    [main] INFO  facturatie.client.Client  - Starting application ---------------------------------
72   [main] DEBUG facturatie.client.Client  - Locating registry on 145.48.112.85
374  [main] INFO  facturatie.client.Client  - Contents of registry: [Fysiosysteem]
454  [main] INFO  facturatie.client.Client  - Found 'Fysiosysteem' in registry
486  [main] ERROR facturatie.client.Client  - Error: RemoteException occurred in server thread; nested exception is: 
	java.rmi.UnmarshalException: unrecognized method hash: method not supported by remote object
0    [main] INFO  facturatie.client.Client  - Starting application ---------------------------------
72   [main] DEBUG facturatie.client.Client  - Locating registry on 145.48.112.85
351  [main] INFO  facturatie.client.Client  - Contents of registry: [Fysiosysteem]
0    [main] INFO  facturatie.client.Client  - Starting application ---------------------------------
91   [main] DEBUG facturatie.client.Client  - Locating registry on 145.48.112.85
377  [main] INFO  facturatie.client.Client  - Contents of registry: [Fysiosysteem]
473  [main] INFO  facturatie.client.Client  - Found 'Fysiosysteem' in registry
562  [main] ERROR facturatie.client.Client  - Error: RemoteException occurred in server thread; nested exception is: 
	java.rmi.UnmarshalException: unrecognized method hash: method not supported by remote object
0    [main] INFO  facturatie.client.Client  - Starting application ---------------------------------
64   [main] DEBUG facturatie.client.Client  - Locating registry on 145.48.112.85
345  [main] INFO  facturatie.client.Client  - Contents of registry: [Fysiosysteem]
425  [main] INFO  facturatie.client.Client  - Found 'Fysiosysteem' in registry
463  [main] ERROR facturatie.client.Client  - Error: RemoteException occurred in server thread; nested exception is: 
	java.rmi.UnmarshalException: unrecognized method hash: method not supported by remote object
0    [main] INFO  facturatie.client.Client  - Starting application ---------------------------------
81   [main] DEBUG facturatie.client.Client  - Locating registry on 145.48.112.85
361  [main] INFO  facturatie.client.Client  - Contents of registry: [Fysiosysteem]
437  [main] INFO  facturatie.client.Client  - Found 'Fysiosysteem' in registry
471  [main] ERROR facturatie.client.Client  - Error: RemoteException occurred in server thread; nested exception is: 
	java.rmi.UnmarshalException: unrecognized method hash: method not supported by remote object
0    [main] INFO  facturatie.client.Client  - Starting application ---------------------------------
76   [main] DEBUG facturatie.client.Client  - Locating registry on 145.48.112.85
379  [main] INFO  facturatie.client.Client  - Contents of registry: [Fysiosysteem]
472  [main] INFO  facturatie.client.Client  - Found 'Fysiosysteem' in registry
510  [main] ERROR facturatie.client.Client  - Error: RemoteException occurred in server thread; nested exception is: 
	java.rmi.UnmarshalException: unrecognized method hash: method not supported by remote object
0    [main] INFO  facturatie.client.Client  - Starting application ---------------------------------
75   [main] DEBUG facturatie.client.Client  - Locating registry on 145.48.112.85
389  [main] INFO  facturatie.client.Client  - Contents of registry: [Fysiosysteem]
493  [main] INFO  facturatie.client.Client  - Found 'Fysiosysteem' in registry
526  [main] ERROR facturatie.client.Client  - Error: RemoteException occurred in server thread; nested exception is: 
	java.rmi.UnmarshalException: unrecognized method hash: method not supported by remote object
0    [main] INFO  facturatie.client.Client  - Starting application ---------------------------------
71   [main] DEBUG facturatie.client.Client  - Locating registry on 145.48.112.85
368  [main] INFO  facturatie.client.Client  - Contents of registry: [Fysiosysteem]
463  [main] INFO  facturatie.client.Client  - Found 'Fysiosysteem' in registry
463  [main] INFO  facturatie.client.Client  - Check stub
508  [main] ERROR facturatie.client.Client  - Error: RemoteException occurred in server thread; nested exception is: 
	java.rmi.UnmarshalException: unrecognized method hash: method not supported by remote object
0    [main] INFO  facturatie.client.Client  - Starting application ---------------------------------
66   [main] DEBUG facturatie.client.Client  - Locating registry on 145.48.112.85
351  [main] INFO  facturatie.client.Client  - Contents of registry: [Fysiosysteem]
436  [main] INFO  facturatie.client.Client  - Found 'Fysiosysteem' in registry
436  [main] INFO  facturatie.client.Client  - Check stub
436  [main] INFO  facturatie.client.Client  - Proxy[RapportageIF,RemoteObjectInvocationHandler[UnicastRef [liveRef: [endpoint:[145.48.112.85:61248](remote),objID:[495c419:149805e985d:-7fff, 2042074954205873041]]]]]
466  [main] ERROR facturatie.client.Client  - Error: RemoteException occurred in server thread; nested exception is: 
	java.rmi.UnmarshalException: unrecognized method hash: method not supported by remote object
0    [main] INFO  facturatie.client.Client  - Starting application ---------------------------------
76   [main] DEBUG facturatie.client.Client  - Locating registry on 145.48.112.85
0    [main] INFO  facturatie.client.Client  - Starting application ---------------------------------
68   [main] DEBUG facturatie.client.Client  - Locating registry on 145.48.112.85
0    [main] INFO  facturatie.client.Client  - Starting application ---------------------------------
72   [main] DEBUG facturatie.client.Client  - Locating registry on 145.48.112.85
357  [main] INFO  facturatie.client.Client  - Contents of registry: [Fysiosysteem]
448  [main] INFO  facturatie.client.Client  - Found 'Fysiosysteem' in registry
448  [main] INFO  facturatie.client.Client  - Calling stub.getBehandelingen()
480  [main] INFO  facturatie.client.Client  - Response: {125651201={1916=[[125651201, 9927, 08:00, 08:30, 06-11-2014, Nee, Test, 001,002,004,009], [125651201, 1847, 08:30, 09:00, 05-11-2014, Nee, Test, 001,002,004,009]]}, 125651202={4745=[[125651202, 6798, 14:00, 17:30, 06-11-2014, Nee, Test Lang, 004,006,008,010]]}}
0    [main] INFO  facturatie.client.Client  - Starting application ---------------------------------
69   [main] DEBUG facturatie.client.Client  - Locating registry on 145.48.112.85
353  [main] INFO  facturatie.client.Client  - Contents of registry: [Fysiosysteem]
446  [main] INFO  facturatie.client.Client  - Found 'Fysiosysteem' in registry
446  [main] INFO  facturatie.client.Client  - Calling stub.getBehandelingen()
489  [main] INFO  facturatie.client.Client  - Response: {125651201={1916=[[125651201, 9927, 08:00, 08:30, 06-11-2014, Nee, Test, 001,002,004,009], [125651201, 1847, 08:30, 09:00, 05-11-2014, Nee, Test, 001,002,004,009]]}, 125651202={4745=[[125651202, 6798, 14:00, 17:30, 06-11-2014, Nee, Test Lang, 004,006,008,010]]}}
0    [main] INFO  facturatie.client.Client  - Starting application ---------------------------------
69   [main] DEBUG facturatie.client.Client  - Locating registry on 145.48.112.85
361  [main] INFO  facturatie.client.Client  - Contents of registry: [Fysiosysteem]
471  [main] INFO  facturatie.client.Client  - Found 'Fysiosysteem' in registry
471  [main] INFO  facturatie.client.Client  - Calling stub.getBehandelingen()
512  [main] INFO  facturatie.client.Client  - Response: {125651201={1916=[[125651201, 9927, 08:00, 08:30, 06-11-2014, Nee, Test, 001,002,004,009], [125651201, 1847, 08:30, 09:00, 05-11-2014, Nee, Test, 001,002,004,009]]}, 125651202={4745=[[125651202, 6798, 14:00, 17:30, 06-11-2014, Nee, Test Lang, 004,006,008,010]]}}
0    [main] INFO  facturatie.client.Client  - Starting application ---------------------------------
82   [main] DEBUG facturatie.client.Client  - Locating registry on 145.48.112.85
368  [main] INFO  facturatie.client.Client  - Contents of registry: [Fysiosysteem]
455  [main] INFO  facturatie.client.Client  - Found 'Fysiosysteem' in registry
456  [main] INFO  facturatie.client.Client  - Calling stub.getBehandelingen()
482  [main] INFO  facturatie.client.Client  - Response: {125651201={1916=[[125651201, 9927, 08:00, 08:30, 06-11-2014, Nee, Test, 001,002,004,009], [125651201, 1847, 08:30, 09:00, 05-11-2014, Nee, Test, 001,002,004,009]]}, 125651202={4745=[[125651202, 6798, 14:00, 17:30, 06-11-2014, Nee, Test Lang, 004,006,008,010]]}}
0    [main] INFO  facturatie.client.Client  - Starting application ---------------------------------
66   [main] DEBUG facturatie.client.Client  - Locating registry on 145.48.112.85
341  [main] INFO  facturatie.client.Client  - Contents of registry: [Fysiosysteem]
434  [main] INFO  facturatie.client.Client  - Found 'Fysiosysteem' in registry
434  [main] INFO  facturatie.client.Client  - Calling stub.getBehandelingen()
467  [main] INFO  facturatie.client.Client  - Response: {125651201={1916=[[125651201, 9927, 08:00, 08:30, 06-11-2014, Nee, Test, 001,002,004,009], [125651201, 1847, 08:30, 09:00, 05-11-2014, Nee, Test, 001,002,004,009]]}, 125651202={4745=[[125651202, 6798, 14:00, 17:30, 06-11-2014, Nee, Test Lang, 004,006,008,010]]}}
0    [main] INFO  facturatie.client.Client  - Starting application ---------------------------------
70   [main] DEBUG facturatie.client.Client  - Locating registry on 145.48.112.85
357  [main] INFO  facturatie.client.Client  - Contents of registry: [Fysiosysteem]
447  [main] INFO  facturatie.client.Client  - Found 'Fysiosysteem' in registry
447  [main] INFO  facturatie.client.Client  - Calling stub.getBehandelingen()
474  [main] INFO  facturatie.client.Client  - Response: {125651201={1916=[[125651201, 9927, 08:00, 08:30, 06-11-2014, Nee, Test, 001,002,004,009], [125651201, 1847, 08:30, 09:00, 05-11-2014, Nee, Test, 001,002,004,009]]}, 125651202={4745=[[125651202, 6798, 14:00, 17:30, 06-11-2014, Nee, Test Lang, 004,006,008,010]]}}
0    [main] INFO  facturatie.client.Client  - Starting application ---------------------------------
64   [main] DEBUG facturatie.client.Client  - Locating registry on 145.48.112.85
341  [main] INFO  facturatie.client.Client  - Contents of registry: [Fysiosysteem]
422  [main] INFO  facturatie.client.Client  - Found 'Fysiosysteem' in registry
422  [main] INFO  facturatie.client.Client  - Calling stub.getBehandelingen()
447  [main] INFO  facturatie.client.Client  - Response: {125651201={1916=[[125651201, 9927, 08:00, 08:30, 06-11-2014, Nee, Test, 001,002,004,009], [125651201, 1847, 08:30, 09:00, 05-11-2014, Nee, Test, 001,002,004,009]]}, 125651202={4745=[[125651202, 6798, 14:00, 17:30, 06-11-2014, Nee, Test Lang, 004,006,008,010]]}}
0    [main] INFO  facturatie.client.Client  - Starting application ---------------------------------
73   [main] DEBUG facturatie.client.Client  - Locating registry on 145.48.112.85
369  [main] INFO  facturatie.client.Client  - Contents of registry: [Fysiosysteem]
459  [main] INFO  facturatie.client.Client  - Found 'Fysiosysteem' in registry
459  [main] INFO  facturatie.client.Client  - Calling stub.getBehandelingen()
481  [main] INFO  facturatie.client.Client  - Response: {125651201={1916=[[125651201, 9927, 08:00, 08:30, 06-11-2014, Nee, Test, 001,002,004,009], [125651201, 1847, 08:30, 09:00, 05-11-2014, Nee, Test, 001,002,004,009]]}, 125651202={4745=[[125651202, 6798, 14:00, 17:30, 06-11-2014, Nee, Test Lang, 004,006,008,010]]}}
1    [main] INFO  facturatie.client.Client  - Starting application ---------------------------------
0    [main] INFO  facturatie.client.Client  - Starting application ---------------------------------
0    [main] INFO  facturatie.client.Client  - Starting application ---------------------------------
63   [main] DEBUG facturatie.client.Client  - Locating registry on 145.48.112.85
517  [main] INFO  facturatie.client.Client  - Contents of registry: []
578  [main] ERROR facturatie.client.Client  - Error: Fysiosysteem
0    [main] INFO  facturatie.client.Client  - Starting application ---------------------------------
77   [main] DEBUG facturatie.client.Client  - Locating registry on 145.48.112.85
361  [main] INFO  facturatie.client.Client  - Contents of registry: [Fysiosysteem]
457  [main] INFO  facturatie.client.Client  - Found 'Fysiosysteem' in registry
457  [main] INFO  facturatie.client.Client  - Calling stub.getBehandelingen()
498  [main] INFO  facturatie.client.Client  - Response: {125651201={12=[[125651201, 1847, 08:30, 09:00, 05-11-2014, Nee, Test, 001]]}, 125651202={15=[[125651202, 6798, 14:00, 17:30, 06-11-2014, Nee, Test Lang, 004]]}}
