1    [main] INFO  example.hello.Client  - Starting application ---------------------------------
35   [main] DEBUG example.hello.Client  - Locating registry on localhost
90   [main] INFO  example.hello.Client  - Contents of registry: [Hello]
134  [main] INFO  example.hello.Client  - Found 'Hello' in registry
136  [main] INFO  example.hello.Client  - Response: Hello, world!
0    [main] INFO  example.hello.Client  - Starting application ---------------------------------
33   [main] DEBUG example.hello.Client  - Locating registry on localhost
88   [main] INFO  example.hello.Client  - Contents of registry: [Hello]
129  [main] INFO  example.hello.Client  - Found 'Hello' in registry
130  [main] INFO  example.hello.Client  - Response: Hello, world!
0    [main] INFO  example.hello.Client  - Starting application ---------------------------------
62   [main] DEBUG example.hello.Client  - Locating registry on localhost
118  [main] INFO  example.hello.Client  - Contents of registry: [Hello]
163  [main] INFO  example.hello.Client  - Found 'Hello' in registry
164  [main] INFO  example.hello.Client  - Response: Hello, world!
0    [main] INFO  example.hello.Client  - Starting application ---------------------------------
32   [main] DEBUG example.hello.Client  - Locating registry on localhost
83   [main] INFO  example.hello.Client  - Contents of registry: [Hello]
122  [main] INFO  example.hello.Client  - Found 'Hello' in registry
124  [main] INFO  example.hello.Client  - Response: Hello, world!
